This is pdfTeX, Version 3.14159265-2.6-1.40.17 (TeX Live 2016) (preloaded format=pdflatex 2016.5.22)  9 SEP 2019 09:52
entering extended mode
 restricted \write18 enabled.
 %&-line parsing enabled.
**submission_ijbc.tex
(./submission_ijbc.tex
LaTeX2e <2016/03/31>
Babel <3.9r> and hyphenation patterns for 83 language(s) loaded.
(./ws-ijbc.cls
Document Class: ws-ijbc 1994/07/13 v1.2u Standard LaTeX document class
\draftrule=\dimen102
\minute=\count79
\hour=\count80
\trimheight=\dimen103
\trimwidth=\dimen104
\typeheight=\dimen105
\typewidth=\dimen106
\tempdimen=\dimen107
\tablewidth=\dimen108
\normaltextheight=\dimen109
\realtextheight=\dimen110
\tempbox=\box26
\tablewd=\dimen111
\clcount=\count81
\@tempcntc=\count82
\topsepm@th=\skip41
\c@section=\count83
\c@subsection=\count84
\c@subsubsection=\count85
\c@paragraph=\count86
\c@subparagraph=\count87
\abovecaptionskip=\skip42
\belowcaptionskip=\skip43

Warning: psfig.sty could not be found.


epsfsafe.tex inputed...ok
(./epsfsafe.tex
\epsffilein=\read1
\epsfxsize=\dimen112
\epsfysize=\dimen113
\epsftsize=\dimen114
\epsfrsize=\dimen115
\epsftmp=\dimen116
\pspoints=\dimen117
)

epsfig.sty inputed...ok
(/usr/local/texlive/2016/texmf-dist/tex/latex/graphics/epsfig.sty

LaTeX Warning: You have requested document class `ws-ijbc',
               but the document class provides `epsfig'.

Document Class: epsfig 1999/02/16 v1.7a (e)psfig emulation (SPQR)
(/usr/local/texlive/2016/texmf-dist/tex/latex/graphics/graphicx.sty
Package: graphicx 2014/10/28 v1.0g Enhanced LaTeX Graphics (DPC,SPQR)

(/usr/local/texlive/2016/texmf-dist/tex/latex/graphics/keyval.sty
Package: keyval 2014/10/28 v1.15 key=value parser (DPC)
\KV@toks@=\toks14
)
(/usr/local/texlive/2016/texmf-dist/tex/latex/graphics/graphics.sty
Package: graphics 2016/05/09 v1.0r Standard LaTeX Graphics (DPC,SPQR)

(/usr/local/texlive/2016/texmf-dist/tex/latex/graphics/trig.sty
Package: trig 2016/01/03 v1.10 sin cos tan (DPC)
)
(/usr/local/texlive/2016/texmf-dist/tex/latex/graphics-cfg/graphics.cfg
File: graphics.cfg 2016/01/02 v1.10 sample graphics configuration
)
Package graphics Info: Driver file: pdftex.def on input line 96.

(/usr/local/texlive/2016/texmf-dist/tex/latex/pdftex-def/pdftex.def
File: pdftex.def 2011/05/27 v0.06d Graphics/color for pdfTeX

(/usr/local/texlive/2016/texmf-dist/tex/generic/oberdiek/infwarerr.sty
Package: infwarerr 2016/05/16 v1.4 Providing info/warning/error messages (HO)
)
(/usr/local/texlive/2016/texmf-dist/tex/generic/oberdiek/ltxcmds.sty
Package: ltxcmds 2016/05/16 v1.23 LaTeX kernel commands for general use (HO)
)
\Gread@gobject=\count88
))
\Gin@req@height=\dimen118
\Gin@req@width=\dimen119
)
\epsfxsize=\dimen120
\epsfysize=\dimen121
)

epsf.sty inputed...ok
(/usr/local/texlive/2016/texmf-dist/tex/generic/epsf/epsf.sty
This is `epsf.tex' v2.7.4 <14 February 2011>
\epsffilein=\read2
\epsfframemargin=\dimen122
\epsfframethickness=\dimen123
\epsfrsize=\dimen124
\epsftmp=\dimen125
\epsftsize=\dimen126
\epsfxsize=\dimen127
\epsfysize=\dimen128
\pspoints=\dimen129
)
\captionbox=\box27
\c@figure=\count89
\c@table=\count90
\c@lemma=\count91
\c@corollary=\count92
\c@proposition=\count93
\c@definition=\count94
\c@example=\count95
\c@remark=\count96
\c@question=\count97
\c@notation=\count98
\c@theorem=\count99
\c@corollary=\count100
\c@lemma=\count101
\c@proposition=\count102
\c@definition=\count103
\c@example=\count104
\c@remark=\count105
\c@notation=\count106
\c@question=\count107
\bibindent=\dimen130
\c@appendixc=\count108
\c@subappendixc=\count109
\c@subsubappendixc=\count110
 (/usr/local/texlive/2016/texmf-dist/tex/latex/amsfonts/amsfonts.sty
Package: amsfonts 2013/01/14 v3.01 Basic AMSFonts support
\@emptytoks=\toks15
\symAMSa=\mathgroup4
\symAMSb=\mathgroup5
LaTeX Font Info:    Overwriting math alphabet `\mathfrak' in version `bold'
(Font)                  U/euf/m/n --> U/euf/b/n on input line 106.
)
(/usr/local/texlive/2016/texmf-dist/tex/latex/amsfonts/amssymb.sty
Package: amssymb 2013/01/14 v3.01 AMS font symbols
)
(/usr/local/texlive/2016/texmf-dist/tex/latex/amsmath/amsmath.sty
Package: amsmath 2016/03/10 v2.15b AMS math features
\@mathmargin=\skip44

For additional information on amsmath, use the `?' option.
(/usr/local/texlive/2016/texmf-dist/tex/latex/amsmath/amstext.sty
Package: amstext 2000/06/29 v2.01 AMS text

(/usr/local/texlive/2016/texmf-dist/tex/latex/amsmath/amsgen.sty
File: amsgen.sty 1999/11/30 v2.0 generic functions
\@emptytoks=\toks16
\ex@=\dimen131
))
(/usr/local/texlive/2016/texmf-dist/tex/latex/amsmath/amsbsy.sty
Package: amsbsy 1999/11/29 v1.2d Bold Symbols
\pmbraise@=\dimen132
)
(/usr/local/texlive/2016/texmf-dist/tex/latex/amsmath/amsopn.sty
Package: amsopn 2016/03/08 v2.02 operator names
)
\inf@bad=\count111
LaTeX Info: Redefining \frac on input line 199.
\uproot@=\count112
\leftroot@=\count113
LaTeX Info: Redefining \overline on input line 297.
\classnum@=\count114
\DOTSCASE@=\count115
LaTeX Info: Redefining \ldots on input line 394.
LaTeX Info: Redefining \dots on input line 397.
LaTeX Info: Redefining \cdots on input line 518.
\Mathstrutbox@=\box28
\strutbox@=\box29
\big@size=\dimen133
LaTeX Font Info:    Redeclaring font encoding OML on input line 634.
LaTeX Font Info:    Redeclaring font encoding OMS on input line 635.
\macc@depth=\count116
\c@MaxMatrixCols=\count117
\dotsspace@=\muskip10
\c@parentequation=\count118
\dspbrk@lvl=\count119
\tag@help=\toks17
\row@=\count120
\column@=\count121
\maxfields@=\count122
\andhelp@=\toks18
\eqnshift@=\dimen134
\alignsep@=\dimen135
\tagshift@=\dimen136
\tagwidth@=\dimen137
\totwidth@=\dimen138
\lineht@=\dimen139
\@envbody=\toks19
\multlinegap=\skip45
\multlinetaggap=\skip46
\mathdisplay@stack=\toks20
LaTeX Info: Redefining \[ on input line 2739.
LaTeX Info: Redefining \] on input line 2740.
)
(/usr/local/texlive/2016/texmf-dist/tex/latex/tools/dcolumn.sty
Package: dcolumn 2014/10/28 v1.06 decimal alignment package (DPC)

(/usr/local/texlive/2016/texmf-dist/tex/latex/tools/array.sty
Package: array 2014/10/28 v2.4c Tabular extension package (FMi)
\col@sep=\dimen140
\extrarowheight=\dimen141
\NC@list=\toks21
\extratabsurround=\skip47
\backup@length=\skip48
))
(/usr/local/texlive/2016/texmf-dist/tex/latex/graphics/lscape.sty
Package: lscape 2000/10/22 v3.01 Landscape Pages (DPC)
)
(/usr/local/texlive/2016/texmf-dist/tex/latex/natbib/natbib.sty
Package: natbib 2010/09/13 8.31b (PWD, AO)
\bibhang=\skip49
\bibsep=\skip50
LaTeX Info: Redefining \cite on input line 694.
LaTeX Info: Redefining \citeauthor on input line 712.
LaTeX Info: Redefining \citeyear on input line 735.
\c@NAT@ctr=\count123
)
(/usr/local/texlive/2016/texmf-dist/tex/latex/url/url.sty
\Urlmuskip=\muskip11
Package: url 2013/09/16  ver 3.4  Verb mode for urls, etc.
)) (./ws-rotating.sty
Package: ws-rotating 1997/09/26, v2.13 Rotation package

(/usr/local/texlive/2016/texmf-dist/tex/latex/base/ifthen.sty
Package: ifthen 2014/09/29 v1.1c Standard LaTeX ifthen package (DPC)
)
\c@r@tfl@t=\count124
\rot@float@box=\box30
)
(/usr/local/texlive/2016/texmf-dist/tex/latex/float/float.sty
Package: float 2001/11/08 v1.3d Float enhancements (AL)
\c@float@type=\count125
\float@exts=\toks22
\float@box=\box31
\@float@everytoks=\toks23
\@floatcapt=\box32
)
(/usr/local/texlive/2016/texmf-dist/tex/latex/subfigure/subfigure.sty
Package: subfigure 2002/03/15 v2.1.5 subfigure package
\subfigtopskip=\skip51
\subfigcapskip=\skip52
\subfigcaptopadj=\dimen142
\subfigbottomskip=\skip53
\subfigcapmargin=\dimen143
\subfiglabelskip=\skip54
\c@subfigure=\count126
\c@lofdepth=\count127
\c@subtable=\count128
\c@lotdepth=\count129

****************************************
* Local config file subfigure.cfg used *
****************************************
(/usr/local/texlive/2016/texmf-dist/tex/latex/subfigure/subfigure.cfg)
\subfig@top=\skip55
\subfig@bottom=\skip56
)
(/usr/local/texlive/2016/texmf-dist/tex/latex/graphics/color.sty
Package: color 2016/05/09 v1.1c Standard LaTeX Color (DPC)

(/usr/local/texlive/2016/texmf-dist/tex/latex/graphics-cfg/color.cfg
File: color.cfg 2016/01/02 v1.6 sample color configuration
)
Package color Info: Driver file: pdftex.def on input line 144.
)
(/usr/local/texlive/2016/texmf-dist/tex/latex/hyperref/hyperref.sty
Package: hyperref 2016/05/05 v6.83n Hypertext links for LaTeX

(/usr/local/texlive/2016/texmf-dist/tex/generic/oberdiek/hobsub-hyperref.sty
Package: hobsub-hyperref 2016/05/16 v1.14 Bundle oberdiek, subset hyperref (HO)


(/usr/local/texlive/2016/texmf-dist/tex/generic/oberdiek/hobsub-generic.sty
Package: hobsub-generic 2016/05/16 v1.14 Bundle oberdiek, subset generic (HO)
Package: hobsub 2016/05/16 v1.14 Construct package bundles (HO)
Package hobsub Info: Skipping package `infwarerr' (already loaded).
Package hobsub Info: Skipping package `ltxcmds' (already loaded).
Package: ifluatex 2016/05/16 v1.4 Provides the ifluatex switch (HO)
Package ifluatex Info: LuaTeX not detected.
Package: ifvtex 2016/05/16 v1.6 Detect VTeX and its facilities (HO)
Package ifvtex Info: VTeX not detected.
Package: intcalc 2016/05/16 v1.2 Expandable calculations with integers (HO)
Package: ifpdf 2016/05/14 v3.1 Provides the ifpdf switch
Package: etexcmds 2016/05/16 v1.6 Avoid name clashes with e-TeX commands (HO)
Package etexcmds Info: Could not find \expanded.
(etexcmds)             That can mean that you are not using pdfTeX 1.50 or
(etexcmds)             that some package has redefined \expanded.
(etexcmds)             In the latter case, load this package earlier.
Package: kvsetkeys 2016/05/16 v1.17 Key value parser (HO)
Package: kvdefinekeys 2016/05/16 v1.4 Define keys (HO)
Package: pdftexcmds 2016/05/10 v0.21 Utility functions of pdfTeX for LuaTeX (HO
)
Package pdftexcmds Info: LuaTeX not detected.
Package pdftexcmds Info: \pdf@primitive is available.
Package pdftexcmds Info: \pdf@ifprimitive is available.
Package pdftexcmds Info: \pdfdraftmode found.
Package: pdfescape 2016/05/16 v1.14 Implements pdfTeX's escape features (HO)
Package: bigintcalc 2016/05/16 v1.4 Expandable calculations on big integers (HO
)
Package: bitset 2016/05/16 v1.2 Handle bit-vector datatype (HO)
Package: uniquecounter 2016/05/16 v1.3 Provide unlimited unique counter (HO)
)
Package hobsub Info: Skipping package `hobsub' (already loaded).
Package: letltxmacro 2016/05/16 v1.5 Let assignment for LaTeX macros (HO)
Package: hopatch 2016/05/16 v1.3 Wrapper for package hooks (HO)
Package: xcolor-patch 2016/05/16 xcolor patch
Package: atveryend 2016/05/16 v1.9 Hooks at the very end of document (HO)
Package atveryend Info: \enddocument detected (standard20110627).
Package: atbegshi 2016/05/16 v1.17 At begin shipout hook (HO)
Package: refcount 2016/05/16 v3.5 Data extraction from label references (HO)
Package: hycolor 2016/05/16 v1.8 Color options for hyperref/bookmark (HO)
)
(/usr/local/texlive/2016/texmf-dist/tex/generic/ifxetex/ifxetex.sty
Package: ifxetex 2010/09/12 v0.6 Provides ifxetex conditional
)
(/usr/local/texlive/2016/texmf-dist/tex/latex/oberdiek/auxhook.sty
Package: auxhook 2016/05/16 v1.4 Hooks for auxiliary files (HO)
)
(/usr/local/texlive/2016/texmf-dist/tex/latex/oberdiek/kvoptions.sty
Package: kvoptions 2016/05/16 v3.12 Key value format for package options (HO)
)
\@linkdim=\dimen144
\Hy@linkcounter=\count130
\Hy@pagecounter=\count131

(/usr/local/texlive/2016/texmf-dist/tex/latex/hyperref/pd1enc.def
File: pd1enc.def 2016/05/05 v6.83n Hyperref: PDFDocEncoding definition (HO)
)
\Hy@SavedSpaceFactor=\count132

(/usr/local/texlive/2016/texmf-dist/tex/latex/latexconfig/hyperref.cfg
File: hyperref.cfg 2002/06/06 v1.2 hyperref configuration of TeXLive
)
Package hyperref Info: Option `colorlinks' set `true' on input line 4322.
Package hyperref Info: Hyper figures OFF on input line 4446.
Package hyperref Info: Link nesting OFF on input line 4451.
Package hyperref Info: Hyper index ON on input line 4454.
Package hyperref Info: Plain pages OFF on input line 4461.
Package hyperref Info: Backreferencing OFF on input line 4466.
Package hyperref Info: Implicit mode ON; LaTeX internals redefined.
Package hyperref Info: Bookmarks ON on input line 4691.
\c@Hy@tempcnt=\count133
LaTeX Info: Redefining \url on input line 5044.
\XeTeXLinkMargin=\dimen145
\Fld@menulength=\count134
\Field@Width=\dimen146
\Fld@charsize=\dimen147
Package hyperref Info: Hyper figures OFF on input line 6298.
Package hyperref Info: Link nesting OFF on input line 6303.
Package hyperref Info: Hyper index ON on input line 6306.
Package hyperref Info: backreferencing OFF on input line 6313.
Package hyperref Info: Link coloring ON on input line 6316.
Package hyperref Info: Link coloring with OCG OFF on input line 6323.
Package hyperref Info: PDF/A mode OFF on input line 6328.
LaTeX Info: Redefining \ref on input line 6368.
LaTeX Info: Redefining \pageref on input line 6372.
\Hy@abspage=\count135
\c@Item=\count136
\c@Hfootnote=\count137
)

Package hyperref Message: Driver (autodetected): hpdftex.

(/usr/local/texlive/2016/texmf-dist/tex/latex/hyperref/hpdftex.def
File: hpdftex.def 2016/05/05 v6.83n Hyperref driver for pdfTeX
\Fld@listcount=\count138
\c@bookmark@seq@number=\count139

(/usr/local/texlive/2016/texmf-dist/tex/latex/oberdiek/rerunfilecheck.sty
Package: rerunfilecheck 2016/05/16 v1.8 Rerun checks for auxiliary files (HO)
Package uniquecounter Info: New unique counter `rerunfilecheck' on input line 2
82.
)
\Hy@SectionHShift=\skip57
)
(./submission_ijbc.aux)
\openout1 = `submission_ijbc.aux'.

LaTeX Font Info:    Checking defaults for OML/cmm/m/it on input line 11.
LaTeX Font Info:    ... okay on input line 11.
LaTeX Font Info:    Checking defaults for T1/cmr/m/n on input line 11.
LaTeX Font Info:    ... okay on input line 11.
LaTeX Font Info:    Checking defaults for OT1/cmr/m/n on input line 11.
LaTeX Font Info:    ... okay on input line 11.
LaTeX Font Info:    Checking defaults for OMS/cmsy/m/n on input line 11.
LaTeX Font Info:    ... okay on input line 11.
LaTeX Font Info:    Checking defaults for OMX/cmex/m/n on input line 11.
LaTeX Font Info:    ... okay on input line 11.
LaTeX Font Info:    Checking defaults for U/cmr/m/n on input line 11.
LaTeX Font Info:    ... okay on input line 11.
LaTeX Font Info:    Checking defaults for PD1/pdf/m/n on input line 11.
LaTeX Font Info:    ... okay on input line 11.

(/usr/local/texlive/2016/texmf-dist/tex/context/base/mkii/supp-pdf.mkii
[Loading MPS to PDF converter (version 2006.09.02).]
\scratchcounter=\count140
\scratchdimen=\dimen148
\scratchbox=\box33
\nofMPsegments=\count141
\nofMParguments=\count142
\everyMPshowfont=\toks24
\MPscratchCnt=\count143
\MPscratchDim=\dimen149
\MPnumerator=\count144
\makeMPintoPDFobject=\count145
\everyMPtoPDFconversion=\toks25
) (/usr/local/texlive/2016/texmf-dist/tex/latex/oberdiek/epstopdf-base.sty
Package: epstopdf-base 2016/05/15 v2.6 Base part for package epstopdf

(/usr/local/texlive/2016/texmf-dist/tex/latex/oberdiek/grfext.sty
Package: grfext 2016/05/16 v1.2 Manage graphics extensions (HO)
)
Package grfext Info: Graphics extension search list:
(grfext)             [.png,.pdf,.jpg,.mps,.jpeg,.jbig2,.jb2,.PNG,.PDF,.JPG,.JPE
G,.JBIG2,.JB2,.eps]
(grfext)             \AppendGraphicsExtensions on input line 456.

(/usr/local/texlive/2016/texmf-dist/tex/latex/latexconfig/epstopdf-sys.cfg
File: epstopdf-sys.cfg 2010/07/13 v1.3 Configuration of (r)epstopdf for TeX Liv
e
))
\AtBeginShipoutBox=\box34


Package hyperref Warning: Height of page (\paperheight) is invalid (0.0pt),
(hyperref)                using 11in.

Package hyperref Info: Link coloring ON on input line 11.
(/usr/local/texlive/2016/texmf-dist/tex/latex/hyperref/nameref.sty
Package: nameref 2012/10/27 v2.43 Cross-referencing by name of section

(/usr/local/texlive/2016/texmf-dist/tex/generic/oberdiek/gettitlestring.sty
Package: gettitlestring 2016/05/16 v1.5 Cleanup title references (HO)
)
\c@section@level=\count146
)
LaTeX Info: Redefining \ref on input line 11.
LaTeX Info: Redefining \pageref on input line 11.
LaTeX Info: Redefining \nameref on input line 11.

(./submission_ijbc.out) (./submission_ijbc.out)
\@outlinefile=\write3
\openout3 = `submission_ijbc.out'.

LaTeX Font Info:    Try loading font information for OMS+cmr on input line 31.

(/usr/local/texlive/2016/texmf-dist/tex/latex/base/omscmr.fd
File: omscmr.fd 2014/09/29 v2.5h Standard LaTeX font definitions
)
LaTeX Font Info:    Font shape `OMS/cmr/m/n' in size <9> not available
(Font)              Font shape `OMS/cmsy/m/n' tried instead on input line 31.
LaTeX Font Info:    Try loading font information for U+msa on input line 31.

(/usr/local/texlive/2016/texmf-dist/tex/latex/amsfonts/umsa.fd
File: umsa.fd 2013/01/14 v3.01 AMS symbols A
)
LaTeX Font Info:    Try loading font information for U+msb on input line 31.

(/usr/local/texlive/2016/texmf-dist/tex/latex/amsfonts/umsb.fd
File: umsb.fd 2013/01/14 v3.01 AMS symbols B
) [1{/usr/local/texlive/2016/texmf-var/fonts/map/pdftex/updmap/pdftex.map}]
LaTeX Font Info:    Font shape `OMS/cmr/m/n' in size <10.95> not available
(Font)              Font shape `OMS/cmsy/m/n' tried instead on input line 50.
 [2] [3] [4]

pdfTeX warning: /usr/local/texlive/2016/bin/x86_64-darwin/pdflatex (file ./fig1
a.pdf): PDF inclusion: found PDF version <1.7>, but at most version <1.5> allow
ed
<fig1a.pdf, id=303, 651.43375pt x 515.9275pt>
File: fig1a.pdf Graphic file (type pdf)
 <use fig1a.pdf>
Package pdftex.def Info: fig1a.pdf used on input line 136.
(pdftex.def)             Requested size: 208.46304pt x 165.10017pt.


pdfTeX warning: /usr/local/texlive/2016/bin/x86_64-darwin/pdflatex (file ./fig1
b.pdf): PDF inclusion: found PDF version <1.7>, but at most version <1.5> allow
ed
<fig1b.pdf, id=304, 637.38126pt x 459.7175pt>
File: fig1b.pdf Graphic file (type pdf)
 <use fig1b.pdf>
Package pdftex.def Info: fig1b.pdf used on input line 137.
(pdftex.def)             Requested size: 229.45708pt x 165.49817pt.


pdfTeX warning: /usr/local/texlive/2016/bin/x86_64-darwin/pdflatex (file ./fig1
c.pdf): PDF inclusion: found PDF version <1.7>, but at most version <1.5> allow
ed
<fig1c.pdf, id=305, 651.43375pt x 515.9275pt>
File: fig1c.pdf Graphic file (type pdf)
 <use fig1c.pdf>
Package pdftex.def Info: fig1c.pdf used on input line 138.
(pdftex.def)             Requested size: 208.46304pt x 165.10017pt.


pdfTeX warning: /usr/local/texlive/2016/bin/x86_64-darwin/pdflatex (file ./fig1
d.pdf): PDF inclusion: found PDF version <1.7>, but at most version <1.5> allow
ed
<fig1d.pdf, id=306, 637.38126pt x 459.7175pt>
File: fig1d.pdf Graphic file (type pdf)
 <use fig1d.pdf>
Package pdftex.def Info: fig1d.pdf used on input line 139.
(pdftex.def)             Requested size: 229.45708pt x 165.49817pt.


pdfTeX warning: /usr/local/texlive/2016/bin/x86_64-darwin/pdflatex (file ./fig1
e.pdf): PDF inclusion: found PDF version <1.7>, but at most version <1.5> allow
ed
<fig1e.pdf, id=307, 651.43375pt x 515.9275pt>
File: fig1e.pdf Graphic file (type pdf)
 <use fig1e.pdf>
Package pdftex.def Info: fig1e.pdf used on input line 140.
(pdftex.def)             Requested size: 208.46304pt x 165.10017pt.


pdfTeX warning: /usr/local/texlive/2016/bin/x86_64-darwin/pdflatex (file ./fig1
f.pdf): PDF inclusion: found PDF version <1.7>, but at most version <1.5> allow
ed
<fig1f.pdf, id=308, 637.38126pt x 459.7175pt>
File: fig1f.pdf Graphic file (type pdf)
 <use fig1f.pdf>
Package pdftex.def Info: fig1f.pdf used on input line 141.
(pdftex.def)             Requested size: 229.45708pt x 165.49817pt.
 [5] [6 <./fig1a.pdf> <./fig1b.pdf> <./fig1c.pdf> <./fig1d.pdf> <./fig1e.pdf> <
./fig1f.pdf>]

pdfTeX warning: /usr/local/texlive/2016/bin/x86_64-darwin/pdflatex (file ./fig2
a.pdf): PDF inclusion: found PDF version <1.7>, but at most version <1.5> allow
ed
<fig2a.pdf, id=356, 655.44875pt x 524.96124pt>
File: fig2a.pdf Graphic file (type pdf)
 <use fig2a.pdf>
Package pdftex.def Info: fig2a.pdf used on input line 207.
(pdftex.def)             Requested size: 216.29875pt x 173.23775pt.


pdfTeX warning: /usr/local/texlive/2016/bin/x86_64-darwin/pdflatex (file ./fig2
b.pdf): PDF inclusion: found PDF version <1.7>, but at most version <1.5> allow
ed
<fig2b.pdf, id=357, 664.4825pt x 534.99875pt>
File: fig2b.pdf Graphic file (type pdf)
 <use fig2b.pdf>
Package pdftex.def Info: fig2b.pdf used on input line 208.
(pdftex.def)             Requested size: 212.63873pt x 171.2031pt.


pdfTeX warning: /usr/local/texlive/2016/bin/x86_64-darwin/pdflatex (file ./fig2
c.pdf): PDF inclusion: found PDF version <1.7>, but at most version <1.5> allow
ed
<fig2c.pdf, id=358, 667.49374pt x 537.00626pt>
File: fig2c.pdf Graphic file (type pdf)
 <use fig2c.pdf>
Package pdftex.def Info: fig2c.pdf used on input line 209.
(pdftex.def)             Requested size: 213.60236pt x 171.8455pt.


pdfTeX warning: /usr/local/texlive/2016/bin/x86_64-darwin/pdflatex (file ./fig2
d.pdf): PDF inclusion: found PDF version <1.7>, but at most version <1.5> allow
ed
<fig2d.pdf, id=359, 666.49pt x 537.00626pt>
File: fig2d.pdf Graphic file (type pdf)
 <use fig2d.pdf>
Package pdftex.def Info: fig2d.pdf used on input line 210.
(pdftex.def)             Requested size: 213.28116pt x 171.8455pt.
 [7 <./fig2a.pdf> <./fig2b.pdf> <./fig2c.pdf> <./fig2d.pdf>]

pdfTeX warning: /usr/local/texlive/2016/bin/x86_64-darwin/pdflatex (file ./fig3
a.pdf): PDF inclusion: found PDF version <1.7>, but at most version <1.5> allow
ed
<fig3a.pdf, id=386, 711.65875pt x 527.9725pt>
File: fig3a.pdf Graphic file (type pdf)
 <use fig3a.pdf>
Package pdftex.def Info: fig3a.pdf used on input line 280.
(pdftex.def)             Requested size: 213.49927pt x 158.39296pt.


pdfTeX warning: /usr/local/texlive/2016/bin/x86_64-darwin/pdflatex (file ./fig3
b.pdf): PDF inclusion: found PDF version <1.7>, but at most version <1.5> allow
ed
<fig3b.pdf, id=387, 735.74875pt x 576.1525pt>
File: fig3b.pdf Graphic file (type pdf)
 <use fig3b.pdf>
Package pdftex.def Info: fig3b.pdf used on input line 281.
(pdftex.def)             Requested size: 213.36166pt x 167.07994pt.


pdfTeX warning: /usr/local/texlive/2016/bin/x86_64-darwin/pdflatex (file ./fig4
a.pdf): PDF inclusion: found PDF version <1.7>, but at most version <1.5> allow
ed
<fig4a.pdf, id=395, 670.505pt x 512.91624pt>
File: fig4a.pdf Graphic file (type pdf)
 <use fig4a.pdf>
Package pdftex.def Info: fig4a.pdf used on input line 291.
(pdftex.def)             Requested size: 221.26733pt x 169.26288pt.


pdfTeX warning: /usr/local/texlive/2016/bin/x86_64-darwin/pdflatex (file ./fig4
b.pdf): PDF inclusion: found PDF version <1.7>, but at most version <1.5> allow
ed
<fig4b.pdf, id=396, 714.67pt x 494.84875pt>
File: fig4b.pdf Graphic file (type pdf)
 <use fig4b.pdf>
Package pdftex.def Info: fig4b.pdf used on input line 292.
(pdftex.def)             Requested size: 235.84183pt x 163.30058pt.


pdfTeX warning: /usr/local/texlive/2016/bin/x86_64-darwin/pdflatex (file ./fig4
c.pdf): PDF inclusion: found PDF version <1.7>, but at most version <1.5> allow
ed
<fig4c.pdf, id=397, 709.65125pt x 533.995pt>
File: fig4c.pdf Graphic file (type pdf)
 <use fig4c.pdf>
Package pdftex.def Info: fig4c.pdf used on input line 293.
(pdftex.def)             Requested size: 234.18562pt x 176.21889pt.


pdfTeX warning: /usr/local/texlive/2016/bin/x86_64-darwin/pdflatex (file ./fig4
d.pdf): PDF inclusion: found PDF version <1.7>, but at most version <1.5> allow
ed
<fig4d.pdf, id=398, 709.65125pt x 534.99875pt>
File: fig4d.pdf Graphic file (type pdf)
 <use fig4d.pdf>
Package pdftex.def Info: fig4d.pdf used on input line 294.
(pdftex.def)             Requested size: 234.18562pt x 176.55013pt.
 [8] [9 <./fig3a.pdf> <./fig3b.pdf>] [10 <./fig4a.pdf> <./fig4b.pdf> <./fig4c.p
df> <./fig4d.pdf>] [11]

pdfTeX warning: /usr/local/texlive/2016/bin/x86_64-darwin/pdflatex (file ./fig5
a.pdf): PDF inclusion: found PDF version <1.7>, but at most version <1.5> allow
ed
<fig5a.pdf, id=468, 691.58376pt x 524.96124pt>
File: fig5a.pdf Graphic file (type pdf)
 <use fig5a.pdf>
Package pdftex.def Info: fig5a.pdf used on input line 365.
(pdftex.def)             Requested size: 214.38875pt x 162.7363pt.


pdfTeX warning: /usr/local/texlive/2016/bin/x86_64-darwin/pdflatex (file ./fig5
b.pdf): PDF inclusion: found PDF version <1.7>, but at most version <1.5> allow
ed
<fig5b.pdf, id=469, 679.53876pt x 530.98375pt>
File: fig5b.pdf Graphic file (type pdf)
 <use fig5b.pdf>
Package pdftex.def Info: fig5b.pdf used on input line 366.
(pdftex.def)             Requested size: 197.06119pt x 153.98134pt.


pdfTeX warning: /usr/local/texlive/2016/bin/x86_64-darwin/pdflatex (file ./fig5
c.pdf): PDF inclusion: found PDF version <1.7>, but at most version <1.5> allow
ed
<fig5c.pdf, id=470, 691.58376pt x 524.96124pt>
File: fig5c.pdf Graphic file (type pdf)
 <use fig5c.pdf>
Package pdftex.def Info: fig5c.pdf used on input line 367.
(pdftex.def)             Requested size: 214.38875pt x 162.7363pt.


pdfTeX warning: /usr/local/texlive/2016/bin/x86_64-darwin/pdflatex (file ./fig5
d.pdf): PDF inclusion: found PDF version <1.7>, but at most version <1.5> allow
ed
<fig5d.pdf, id=471, 679.53876pt x 530.98375pt>
File: fig5d.pdf Graphic file (type pdf)
 <use fig5d.pdf>
Package pdftex.def Info: fig5d.pdf used on input line 368.
(pdftex.def)             Requested size: 197.06119pt x 153.98134pt.


pdfTeX warning: /usr/local/texlive/2016/bin/x86_64-darwin/pdflatex (file ./fig5
e.pdf): PDF inclusion: found PDF version <1.7>, but at most version <1.5> allow
ed
<fig5e.pdf, id=472, 691.58376pt x 524.96124pt>
File: fig5e.pdf Graphic file (type pdf)
 <use fig5e.pdf>
Package pdftex.def Info: fig5e.pdf used on input line 369.
(pdftex.def)             Requested size: 214.38875pt x 162.7363pt.


pdfTeX warning: /usr/local/texlive/2016/bin/x86_64-darwin/pdflatex (file ./fig5
f.pdf): PDF inclusion: found PDF version <1.7>, but at most version <1.5> allow
ed
<fig5f.pdf, id=473, 679.53876pt x 530.98375pt>
File: fig5f.pdf Graphic file (type pdf)
 <use fig5f.pdf>
Package pdftex.def Info: fig5f.pdf used on input line 370.
(pdftex.def)             Requested size: 197.06119pt x 153.98134pt.
 [12 <./fig5a.pdf> <./fig5b.pdf> <./fig5c.pdf> <./fig5d.pdf> <./fig5e.pdf> <./f
ig5f.pdf>]
[13] [14] <fig6a.pdf, id=543, 534.08904pt x 573.41963pt>
File: fig6a.pdf Graphic file (type pdf)
 <use fig6a.pdf>
Package pdftex.def Info: fig6a.pdf used on input line 519.
(pdftex.def)             Requested size: 176.24992pt x 189.22906pt.

<fig6b.pdf, id=544, 530.5818pt x 580.90843pt>
File: fig6b.pdf Graphic file (type pdf)
 <use fig6b.pdf>
Package pdftex.def Info: fig6b.pdf used on input line 520.
(pdftex.def)             Requested size: 175.09253pt x 191.70036pt.
 [15] [16 <./fig6a.pdf> <./fig6b.pdf>]

pdfTeX warning: /usr/local/texlive/2016/bin/x86_64-darwin/pdflatex (file ./fig7
a.pdf): PDF inclusion: found PDF version <1.7>, but at most version <1.5> allow
ed
<fig7a.pdf, id=634, 675.52374pt x 493.845pt>
File: fig7a.pdf Graphic file (type pdf)
 <use fig7a.pdf>
Package pdftex.def Info: fig7a.pdf used on input line 577.
(pdftex.def)             Requested size: 222.92352pt x 162.96935pt.


pdfTeX warning: /usr/local/texlive/2016/bin/x86_64-darwin/pdflatex (file ./fig7
b.pdf): PDF inclusion: found PDF version <1.7>, but at most version <1.5> allow
ed
<fig7b.pdf, id=635, 659.46375pt x 523.9575pt>
File: fig7b.pdf Graphic file (type pdf)
 <use fig7b.pdf>
Package pdftex.def Info: fig7b.pdf used on input line 578.
(pdftex.def)             Requested size: 204.43164pt x 162.42514pt.


pdfTeX warning: /usr/local/texlive/2016/bin/x86_64-darwin/pdflatex (file ./fig7
c.pdf): PDF inclusion: found PDF version <1.7>, but at most version <1.5> allow
ed
<fig7c.pdf, id=636, 659.46375pt x 523.9575pt>
File: fig7c.pdf Graphic file (type pdf)
 <use fig7c.pdf>
Package pdftex.def Info: fig7c.pdf used on input line 579.
(pdftex.def)             Requested size: 217.6237pt x 172.90651pt.


pdfTeX warning: /usr/local/texlive/2016/bin/x86_64-darwin/pdflatex (file ./fig7
d.pdf): PDF inclusion: found PDF version <1.7>, but at most version <1.5> allow
ed
<fig7d.pdf, id=637, 657.45625pt x 525.965pt>
File: fig7d.pdf Graphic file (type pdf)
 <use fig7d.pdf>
Package pdftex.def Info: fig7d.pdf used on input line 580.
(pdftex.def)             Requested size: 210.39029pt x 168.31223pt.
 [17]

pdfTeX warning: /usr/local/texlive/2016/bin/x86_64-darwin/pdflatex (file ./fig8
a.pdf): PDF inclusion: found PDF version <1.7>, but at most version <1.5> allow
ed
<fig8a.pdf, id=659, 565.11125pt x 467.7475pt>
File: fig8a.pdf Graphic file (type pdf)
 <use fig8a.pdf>
Package pdftex.def Info: fig8a.pdf used on input line 607.
(pdftex.def)             Requested size: 209.08788pt x 173.06386pt.


pdfTeX warning: /usr/local/texlive/2016/bin/x86_64-darwin/pdflatex (file ./fig8
b.pdf): PDF inclusion: found PDF version <1.7>, but at most version <1.5> allow
ed
<fig8b.pdf, id=660, 577.15625pt x 461.725pt>
File: fig8b.pdf Graphic file (type pdf)
 <use fig8b.pdf>
Package pdftex.def Info: fig8b.pdf used on input line 608.
(pdftex.def)             Requested size: 216.43306pt x 173.14645pt.
 [18 <./fig7a.pdf> <./fig7b.pdf> <./fig7c.pdf> <./fig7d.pdf>]
<fig9a.pdf, id=684, 512.15222pt x 405.66586pt>
File: fig9a.pdf Graphic file (type pdf)
 <use fig9a.pdf>
Package pdftex.def Info: fig9a.pdf used on input line 649.
(pdftex.def)             Requested size: 177.06458pt x 140.25198pt.

<fig9b.pdf, id=685, 534.34709pt x 394.6214pt>
File: fig9b.pdf Graphic file (type pdf)
 <use fig9b.pdf>
Package pdftex.def Info: fig9b.pdf used on input line 650.
(pdftex.def)             Requested size: 202.3529pt x 149.43983pt.

<fig9c.png, id=686, 562.14015pt x 421.575pt>
File: fig9c.png Graphic file (type png)
 <use fig9c.png>
Package pdftex.def Info: fig9c.png used on input line 651.
(pdftex.def)             Requested size: 197.29678pt x 147.96515pt.

<fig9d.png, id=687, 562.14015pt x 421.575pt>
File: fig9d.png Graphic file (type png)
 <use fig9d.png>
Package pdftex.def Info: fig9d.png used on input line 652.
(pdftex.def)             Requested size: 202.3529pt x 151.75401pt.
 [19 <./fig8a.pdf> <./fig8b.pdf>]

pdfTeX warning: /usr/local/texlive/2016/bin/x86_64-darwin/pdflatex (file ./fig1
0a.pdf): PDF inclusion: found PDF version <1.7>, but at most version <1.5> allo
wed
<fig10a.pdf, id=716, 452.69125pt x 459.7175pt>
File: fig10a.pdf Graphic file (type pdf)
 <use fig10a.pdf>
Package pdftex.def Info: fig10a.pdf used on input line 664.
(pdftex.def)             Requested size: 203.70917pt x 206.87096pt.


pdfTeX warning: /usr/local/texlive/2016/bin/x86_64-darwin/pdflatex (file ./fig1
0b.pdf): PDF inclusion: found PDF version <1.7>, but at most version <1.5> allo
wed
<fig10b.pdf, id=717, 509.905pt x 464.73625pt>
File: fig10b.pdf Graphic file (type pdf)
 <use fig10b.pdf>
Package pdftex.def Info: fig10b.pdf used on input line 665.
(pdftex.def)             Requested size: 229.45512pt x 209.12938pt.


pdfTeX warning: /usr/local/texlive/2016/bin/x86_64-darwin/pdflatex (file ./fig1
0c.pdf): PDF inclusion: found PDF version <1.7>, but at most version <1.5> allo
wed
<fig10c.pdf, id=718, 479.7925pt x 459.7175pt>
File: fig10c.pdf Graphic file (type pdf)
 <use fig10c.pdf>
Package pdftex.def Info: fig10c.pdf used on input line 666.
(pdftex.def)             Requested size: 201.51146pt x 193.08003pt.


pdfTeX warning: /usr/local/texlive/2016/bin/x86_64-darwin/pdflatex (file ./fig1
0d.pdf): PDF inclusion: found PDF version <1.7>, but at most version <1.5> allo
wed
<fig10d.pdf, id=719, 550.055pt x 452.69125pt>
File: fig10d.pdf Graphic file (type pdf)
 <use fig10d.pdf>
Package pdftex.def Info: fig10d.pdf used on input line 667.
(pdftex.def)             Requested size: 231.02151pt x 190.12903pt.


pdfTeX warning: /usr/local/texlive/2016/bin/x86_64-darwin/pdflatex (file ./fig1
1.pdf): PDF inclusion: found PDF version <1.7>, but at most version <1.5> allow
ed
<fig11.pdf, id=725, 531.9875pt x 461.725pt>
File: fig11.pdf Graphic file (type pdf)
 <use fig11.pdf>
Package pdftex.def Info: fig11.pdf used on input line 677.
(pdftex.def)             Requested size: 239.39217pt x 207.77432pt.
 [20 <./fig9a.pdf> <./fig9b.pdf> <./fig9c.png (PNG copy)> <./fig9d.png (PNG cop
y)>] [21 <./fig10a.pdf> <./fig10b.pdf> <./fig10c.pdf> <./fig10d.pdf>]

pdfTeX warning: /usr/local/texlive/2016/bin/x86_64-darwin/pdflatex (file ./fig1
2a.pdf): PDF inclusion: found PDF version <1.7>, but at most version <1.5> allo
wed
<fig12a.pdf, id=808, 461.725pt x 456.70625pt>
File: fig12a.pdf Graphic file (type pdf)
 <use fig12a.pdf>
Package pdftex.def Info: fig12a.pdf used on input line 686.
(pdftex.def)             Requested size: 193.92317pt x 191.8153pt.


pdfTeX warning: /usr/local/texlive/2016/bin/x86_64-darwin/pdflatex (file ./fig1
2b.pdf): PDF inclusion: found PDF version <1.7>, but at most version <1.5> allo
wed
<fig12b.pdf, id=809, 532.99126pt x 467.7475pt>
File: fig12b.pdf Graphic file (type pdf)
 <use fig12b.pdf>
Package pdftex.def Info: fig12b.pdf used on input line 687.
(pdftex.def)             Requested size: 223.8548pt x 196.45259pt.


pdfTeX warning: /usr/local/texlive/2016/bin/x86_64-darwin/pdflatex (file ./fig1
2c.pdf): PDF inclusion: found PDF version <1.7>, but at most version <1.5> allo
wed
<fig12c.pdf, id=810, 467.7475pt x 455.7025pt>
File: fig12c.pdf Graphic file (type pdf)
 <use fig12c.pdf>
Package pdftex.def Info: fig12c.pdf used on input line 688.
(pdftex.def)             Requested size: 196.45259pt x 191.39374pt.


pdfTeX warning: /usr/local/texlive/2016/bin/x86_64-darwin/pdflatex (file ./fig1
2d.pdf): PDF inclusion: found PDF version <1.7>, but at most version <1.5> allo
wed
<fig12d.pdf, id=811, 541.02126pt x 461.725pt>
File: fig12d.pdf Graphic file (type pdf)
 <use fig12d.pdf>
Package pdftex.def Info: fig12d.pdf used on input line 689.
(pdftex.def)             Requested size: 227.22737pt x 193.92317pt.
 [22 <./fig11.pdf>]

pdfTeX warning: /usr/local/texlive/2016/bin/x86_64-darwin/pdflatex (file ./fig1
3a.pdf): PDF inclusion: found PDF version <1.7>, but at most version <1.5> allo
wed
<fig13a.pdf, id=836, 1229.59375pt x 675.52374pt>
File: fig13a.pdf Graphic file (type pdf)
 <use fig13a.pdf>
Package pdftex.def Info: fig13a.pdf used on input line 700.
(pdftex.def)             Requested size: 430.36426pt x 236.43684pt.


pdfTeX warning: /usr/local/texlive/2016/bin/x86_64-darwin/pdflatex (file ./fig1
3b.pdf): PDF inclusion: found PDF version <1.7>, but at most version <1.5> allo
wed
<fig13b.pdf, id=837, 1151.30125pt x 652.4375pt>
File: fig13b.pdf Graphic file (type pdf)
 <use fig13b.pdf>
Package pdftex.def Info: fig13b.pdf used on input line 701.
(pdftex.def)             Requested size: 425.97481pt x 241.39809pt.
 [23 <./fig12a.pdf> <./fig12b.pdf> <./fig12c.pdf> <./fig12d.pdf>] [24 <./fig13a
.pdf> <./fig13b.pdf>] [25]
Missing character: There is no â in font cmr10!
Missing character: There is no € in font cmr10!
Missing character: There is no ™ in font cmr10!
 [26]
Missing character: There is no Ã in font cmr10!
Missing character: There is no ­ in font cmr10!
 [27]
Missing character: There is no Ã in font cmr10!
Missing character: There is no © in font cmr10!


Package hyperref Warning: bookmark level for unknown appendix defaults to 0.


Package hyperref Warning: Token not allowed in a PDF string (PDFDocEncoding):
(hyperref)                \hskip 5.475pt
(hyperref)                replaced by space on input line 1169.

[28] [29]

pdfTeX warning: /usr/local/texlive/2016/bin/x86_64-darwin/pdflatex (file ./figA
ppA_1a.pdf): PDF inclusion: found PDF version <1.7>, but at most version <1.5> 
allowed
<figAppA_1a.pdf, id=957, 668.4975pt x 501.875pt>
File: figAppA_1a.pdf Graphic file (type pdf)
 <use figAppA_1a.pdf>
Package pdftex.def Info: figAppA_1a.pdf used on input line 1222.
(pdftex.def)             Requested size: 213.92357pt x 160.60327pt.


pdfTeX warning: /usr/local/texlive/2016/bin/x86_64-darwin/pdflatex (file ./figA
ppA_1b.pdf): PDF inclusion: found PDF version <1.7>, but at most version <1.5> 
allowed
<figAppA_1b.pdf, id=958, 668.4975pt x 501.875pt>
File: figAppA_1b.pdf Graphic file (type pdf)
 <use figAppA_1b.pdf>
Package pdftex.def Info: figAppA_1b.pdf used on input line 1223.
(pdftex.def)             Requested size: 213.92357pt x 160.60327pt.
pdfTeX warning (ext4): destination with the same identifier (name{figure.1}) ha
s been already used, duplicate ignored
<to be read again> 
                   \relax 
l.1225 ...$ and $B$ is calculated for $\tau = 5$.}
                                                  pdfTeX warning (ext4): destin
ation with the same identifier (name{figure.1}) has been already used, duplicat
e ignored
<to be read again> 
                   \relax 
l.1225 ...$ and $B$ is calculated for $\tau = 5$.}
                                                   [30]

Package hyperref Warning: Token not allowed in a PDF string (PDFDocEncoding):
(hyperref)                \hskip 5.475pt
(hyperref)                replaced by space on input line 1244.

pdfTeX warning (ext4): destination with the same identifier (name{equation.D.1}
) has been already used, duplicate ignored
<to be read again> 
                   \relax 
l.1250 \begin{equation}
                       pdfTeX warning (ext4): destination with the same identif
ier (name{equation.D.1}) has been already used, duplicate ignored
<to be read again> 
                   \relax 
l.1250 \begin{equation}
                       pdfTeX warning (ext4): destination with the same identif
ier (name{equation.D.1}) has been already used, duplicate ignored
<to be read again> 
                   \relax 
l.1250 \begin{equation}
                       pdfTeX warning (ext4): destination with the same identif
ier (name{equation.D.1}) has been already used, duplicate ignored
<to be read again> 
                   \relax 
l.1250 \begin{equation}
                       pdfTeX warning (ext4): destination with the same identif
ier (name{equation.D.2}) has been already used, duplicate ignored
<to be read again> 
                   \relax 
l.1257 \begin{equation}
                       pdfTeX warning (ext4): destination with the same identif
ier (name{equation.D.2}) has been already used, duplicate ignored
<to be read again> 
                   \relax 
l.1257 \begin{equation}
                       pdfTeX warning (ext4): destination with the same identif
ier (name{equation.D.2}) has been already used, duplicate ignored
<to be read again> 
                   \relax 
l.1257 \begin{equation}
                       pdfTeX warning (ext4): destination with the same identif
ier (name{equation.D.2}) has been already used, duplicate ignored
<to be read again> 
                   \relax 
l.1257 \begin{equation}
                        [31 <./figAppA_1a.pdf> <./figAppA_1b.pdf>]pdfTeX warnin
g (ext4): destination with the same identifier (name{equation.D.3}) has been al
ready used, duplicate ignored
<to be read again> 
                   \relax 
l.1268 \begin{equation}
                       pdfTeX warning (ext4): destination with the same identif
ier (name{equation.D.3}) has been already used, duplicate ignored
<to be read again> 
                   \relax 
l.1268 \begin{equation}
                       pdfTeX warning (ext4): destination with the same identif
ier (name{equation.D.3}) has been already used, duplicate ignored
<to be read again> 
                   \relax 
l.1268 \begin{equation}
                       pdfTeX warning (ext4): destination with the same identif
ier (name{equation.D.3}) has been already used, duplicate ignored
<to be read again> 
                   \relax 
l.1268 \begin{equation}
                       pdfTeX warning (ext4): destination with the same identif
ier (name{equation.D.4}) has been already used, duplicate ignored
<to be read again> 
                   \relax 
l.1274 \begin{equation}
                       pdfTeX warning (ext4): destination with the same identif
ier (name{equation.D.4}) has been already used, duplicate ignored
<to be read again> 
                   \relax 
l.1274 \begin{equation}
                       pdfTeX warning (ext4): destination with the same identif
ier (name{equation.D.4}) has been already used, duplicate ignored
<to be read again> 
                   \relax 
l.1274 \begin{equation}
                       pdfTeX warning (ext4): destination with the same identif
ier (name{equation.D.4}) has been already used, duplicate ignored
<to be read again> 
                   \relax 
l.1274 \begin{equation}
                       pdfTeX warning (ext4): destination with the same identif
ier (name{equation.D.5}) has been already used, duplicate ignored
<to be read again> 
                   \relax 
l.1281 \begin{equation}
                       pdfTeX warning (ext4): destination with the same identif
ier (name{equation.D.5}) has been already used, duplicate ignored
<to be read again> 
                   \relax 
l.1281 \begin{equation}
                       pdfTeX warning (ext4): destination with the same identif
ier (name{equation.D.5}) has been already used, duplicate ignored
<to be read again> 
                   \relax 
l.1281 \begin{equation}
                       pdfTeX warning (ext4): destination with the same identif
ier (name{equation.D.5}) has been already used, duplicate ignored
<to be read again> 
                   \relax 
l.1281 \begin{equation}
                       pdfTeX warning (ext4): destination with the same identif
ier (name{equation.D.6}) has been already used, duplicate ignored
<to be read again> 
                   \relax 
l.1289 \begin{equation}
                       pdfTeX warning (ext4): destination with the same identif
ier (name{equation.D.6}) has been already used, duplicate ignored
<to be read again> 
                   \relax 
l.1289 \begin{equation}
                       pdfTeX warning (ext4): destination with the same identif
ier (name{equation.D.6}) has been already used, duplicate ignored
<to be read again> 
                   \relax 
l.1289 \begin{equation}
                       pdfTeX warning (ext4): destination with the same identif
ier (name{equation.D.6}) has been already used, duplicate ignored
<to be read again> 
                   \relax 
l.1289 \begin{equation}
                       pdfTeX warning (ext4): destination with the same identif
ier (name{equation.D.7}) has been already used, duplicate ignored
<to be read again> 
                   \relax 
l.1302 \end{align}
                  pdfTeX warning (ext4): destination with the same identifier (
name{equation.D.8}) has been already used, duplicate ignored
<to be read again> 
                   \relax 
l.1302 \end{align}
                   [32]

pdfTeX warning: /usr/local/texlive/2016/bin/x86_64-darwin/pdflatex (file ./figA
ppB_1a.pdf): PDF inclusion: found PDF version <1.7>, but at most version <1.5> 
allowed
<figAppB_1a.pdf, id=1003, 592.2125pt x 594.22pt>
File: figAppB_1a.pdf Graphic file (type pdf)
 <use figAppB_1a.pdf>
Package pdftex.def Info: figAppB_1a.pdf used on input line 1307.
(pdftex.def)             Requested size: 195.43073pt x 196.0932pt.


pdfTeX warning: /usr/local/texlive/2016/bin/x86_64-darwin/pdflatex (file ./figA
ppB_1b.pdf): PDF inclusion: found PDF version <1.7>, but at most version <1.5> 
allowed
<figAppB_1b.pdf, id=1004, 689.57625pt x 489.83pt>
File: figAppB_1b.pdf Graphic file (type pdf)
 <use figAppB_1b.pdf>
Package pdftex.def Info: figAppB_1b.pdf used on input line 1308.
(pdftex.def)             Requested size: 220.6689pt x 156.7488pt.


pdfTeX warning: /usr/local/texlive/2016/bin/x86_64-darwin/pdflatex (file ./figA
ppB_1c.pdf): PDF inclusion: found PDF version <1.7>, but at most version <1.5> 
allowed
<figAppB_1c.pdf, id=1005, 1194.4625pt x 595.22375pt>
File: figAppB_1c.pdf Graphic file (type pdf)
 <use figAppB_1c.pdf>
Package pdftex.def Info: figAppB_1c.pdf used on input line 1309.
(pdftex.def)             Requested size: 418.06813pt x 208.33144pt.
pdfTeX warning (ext4): destination with the same identifier (name{figure.1}) ha
s been already used, duplicate ignored
<to be read again> 
                   \relax 
l.1312 ...ty) and characterize reaction dynamics.}
                                                  pdfTeX warning (ext4): destin
ation with the same identifier (name{figure.1}) has been already used, duplicat
e ignored
<to be read again> 
                   \relax 
l.1312 ...ty) and characterize reaction dynamics.}
                                                  

Package hyperref Warning: Token not allowed in a PDF string (PDFDocEncoding):
(hyperref)                \hskip 5.475pt
(hyperref)                replaced by space on input line 1317.

[33 <./figAppB_1a.pdf> <./figAppB_1b.pdf> <./figAppB_1c.pdf>]pdfTeX warning (ex
t4): destination with the same identifier (name{equation.D.1}) has been already
 used, duplicate ignored
<to be read again> 
                   \relax 
l.1327 \begin{equation}
                       pdfTeX warning (ext4): destination with the same identif
ier (name{equation.D.1}) has been already used, duplicate ignored
<to be read again> 
                   \relax 
l.1327 \begin{equation}
                       pdfTeX warning (ext4): destination with the same identif
ier (name{equation.D.1}) has been already used, duplicate ignored
<to be read again> 
                   \relax 
l.1327 \begin{equation}
                       pdfTeX warning (ext4): destination with the same identif
ier (name{equation.D.1}) has been already used, duplicate ignored
<to be read again> 
                   \relax 
l.1327 \begin{equation}
                       pdfTeX warning (ext4): destination with the same identif
ier (name{equation.D.2}) has been already used, duplicate ignored
<to be read again> 
                   \relax 
l.1332 \begin{equation}
                       pdfTeX warning (ext4): destination with the same identif
ier (name{equation.D.2}) has been already used, duplicate ignored
<to be read again> 
                   \relax 
l.1332 \begin{equation}
                       pdfTeX warning (ext4): destination with the same identif
ier (name{equation.D.2}) has been already used, duplicate ignored
<to be read again> 
                   \relax 
l.1332 \begin{equation}
                       pdfTeX warning (ext4): destination with the same identif
ier (name{equation.D.2}) has been already used, duplicate ignored
<to be read again> 
                   \relax 
l.1332 \begin{equation}
                       pdfTeX warning (ext4): destination with the same identif
ier (name{equation.D.3}) has been already used, duplicate ignored
<to be read again> 
                   \relax 
l.1340 \begin{equation}
                       pdfTeX warning (ext4): destination with the same identif
ier (name{equation.D.3}) has been already used, duplicate ignored
<to be read again> 
                   \relax 
l.1340 \begin{equation}
                       pdfTeX warning (ext4): destination with the same identif
ier (name{equation.D.3}) has been already used, duplicate ignored
<to be read again> 
                   \relax 
l.1340 \begin{equation}
                       pdfTeX warning (ext4): destination with the same identif
ier (name{equation.D.3}) has been already used, duplicate ignored
<to be read again> 
                   \relax 
l.1340 \begin{equation}
                        [34]pdfTeX warning (ext4): destination with the same id
entifier (name{equation.D.4}) has been already used, duplicate ignored
<to be read again> 
                   \relax 
l.1351 \end{align}
                  pdfTeX warning (ext4): destination with the same identifier (
name{equation.D.5}) has been already used, duplicate ignored
<to be read again> 
                   \relax 
l.1359 \end{align}
                  pdfTeX warning (ext4): destination with the same identifier (
name{equation.D.6}) has been already used, duplicate ignored
<to be read again> 
                   \relax 
l.1366 \end{align}
                  pdfTeX warning (ext4): destination with the same identifier (
name{equation.D.7}) has been already used, duplicate ignored
<to be read again> 
                   \relax 
l.1373 \begin{equation}
                       pdfTeX warning (ext4): destination with the same identif
ier (name{equation.D.7}) has been already used, duplicate ignored
<to be read again> 
                   \relax 
l.1373 \begin{equation}
                       pdfTeX warning (ext4): destination with the same identif
ier (name{equation.D.7}) has been already used, duplicate ignored
<to be read again> 
                   \relax 
l.1373 \begin{equation}
                       pdfTeX warning (ext4): destination with the same identif
ier (name{equation.D.7}) has been already used, duplicate ignored
<to be read again> 
                   \relax 
l.1373 \begin{equation}
                        [35]pdfTeX warning (ext4): destination with the same id
entifier (name{equation.D.8}) has been already used, duplicate ignored
<to be read again> 
                   \relax 
l.1387 \end{align}
                  pdfTeX warning (ext4): destination with the same identifier (
name{equation.D.9}) has been already used, duplicate ignored
<to be read again> 
                   \relax 
l.1392 \end{align}
                  pdfTeX warning (ext4): destination with the same identifier (
name{equation.D.10}) has been already used, duplicate ignored
<to be read again> 
                   \relax 
l.1406 \end{align}
                  pdfTeX warning (ext4): destination with the same identifier (
name{equation.D.11}) has been already used, duplicate ignored
<to be read again> 
                   \relax 
l.1413 \begin{equation}
                       pdfTeX warning (ext4): destination with the same identif
ier (name{equation.D.11}) has been already used, duplicate ignored
<to be read again> 
                   \relax 
l.1413 \begin{equation}
                       pdfTeX warning (ext4): destination with the same identif
ier (name{equation.D.11}) has been already used, duplicate ignored
<to be read again> 
                   \relax 
l.1413 \begin{equation}
                       pdfTeX warning (ext4): destination with the same identif
ier (name{equation.D.11}) has been already used, duplicate ignored
<to be read again> 
                   \relax 
l.1413 \begin{equation}
                        [36]
Package atveryend Info: Empty hook `BeforeClearDocument' on input line 1435.
 [37]
Package atveryend Info: Empty hook `AfterLastShipout' on input line 1435.
 (./submission_ijbc.aux)
Package atveryend Info: Executing hook `AtVeryEndDocument' on input line 1435.
Package atveryend Info: Executing hook `AtEndAfterFileList' on input line 1435.

Package rerunfilecheck Info: File `submission_ijbc.out' has not changed.
(rerunfilecheck)             Checksum: 3620E206DD234DE9CAAF3A7C69B425E8;921.
Package atveryend Info: Empty hook `AtVeryVeryEnd' on input line 1435.
 ) 
Here is how much of TeX's memory you used:
 7823 strings out of 493014
 111859 string characters out of 6133351
 215963 words of memory out of 5000000
 10993 multiletter control sequences out of 15000+600000
 16602 words of font info for 61 fonts, out of 8000000 for 9000
 1141 hyphenation exceptions out of 8191
 36i,20n,28p,2904b,539s stack positions out of 5000i,500n,10000p,200000b,80000s
</usr/local/texlive/2016/texmf-dist/fonts/type1/public/amsfonts/cm/cmbx10.pfb
></usr/local/texlive/2016/texmf-dist/fonts/type1/public/amsfonts/cm/cmbx12.pfb>
</usr/local/texlive/2016/texmf-dist/fonts/type1/public/amsfonts/cm/cmbx6.pfb></
usr/local/texlive/2016/texmf-dist/fonts/type1/public/amsfonts/cm/cmbx8.pfb></us
r/local/texlive/2016/texmf-dist/fonts/type1/public/amsfonts/cm/cmbxti10.pfb></u
sr/local/texlive/2016/texmf-dist/fonts/type1/public/amsfonts/cm/cmex10.pfb></us
r/local/texlive/2016/texmf-dist/fonts/type1/public/amsfonts/cm/cmmi10.pfb></usr
/local/texlive/2016/texmf-dist/fonts/type1/public/amsfonts/cm/cmmi5.pfb></usr/l
ocal/texlive/2016/texmf-dist/fonts/type1/public/amsfonts/cm/cmmi6.pfb></usr/loc
al/texlive/2016/texmf-dist/fonts/type1/public/amsfonts/cm/cmmi7.pfb></usr/local
/texlive/2016/texmf-dist/fonts/type1/public/amsfonts/cm/cmmi8.pfb></usr/local/t
exlive/2016/texmf-dist/fonts/type1/public/amsfonts/cm/cmmi9.pfb></usr/local/tex
live/2016/texmf-dist/fonts/type1/public/amsfonts/cm/cmr10.pfb></usr/local/texli
ve/2016/texmf-dist/fonts/type1/public/amsfonts/cm/cmr12.pfb></usr/local/texlive
/2016/texmf-dist/fonts/type1/public/amsfonts/cm/cmr6.pfb></usr/local/texlive/20
16/texmf-dist/fonts/type1/public/amsfonts/cm/cmr7.pfb></usr/local/texlive/2016/
texmf-dist/fonts/type1/public/amsfonts/cm/cmr8.pfb></usr/local/texlive/2016/tex
mf-dist/fonts/type1/public/amsfonts/cm/cmr9.pfb></usr/local/texlive/2016/texmf-
dist/fonts/type1/public/amsfonts/cm/cmsy10.pfb></usr/local/texlive/2016/texmf-d
ist/fonts/type1/public/amsfonts/cm/cmsy6.pfb></usr/local/texlive/2016/texmf-dis
t/fonts/type1/public/amsfonts/cm/cmsy8.pfb></usr/local/texlive/2016/texmf-dist/
fonts/type1/public/amsfonts/cm/cmsy9.pfb></usr/local/texlive/2016/texmf-dist/fo
nts/type1/public/amsfonts/cm/cmti10.pfb></usr/local/texlive/2016/texmf-dist/fon
ts/type1/public/amsfonts/cm/cmti9.pfb></usr/local/texlive/2016/texmf-dist/fonts
/type1/public/amsfonts/symbols/msam10.pfb></usr/local/texlive/2016/texmf-dist/f
onts/type1/public/amsfonts/symbols/msbm10.pfb>
Output written on submission_ijbc.pdf (37 pages, 5552069 bytes).
PDF statistics:
 1201 PDF objects out of 1440 (max. 8388607)
 994 compressed objects within 10 object streams
 217 named destinations out of 1000 (max. 500000)
 339 words of extra memory for PDF output out of 10000 (max. 10000000)

